<?xml version="1.0" encoding="UTF-8"?>
<!-- Generated by org.testng.reporters.JUnitXMLReporter -->
<testsuite ignored="0" hostname="LAPTOP-GAUPM6CM" failures="0" tests="4" name="Default test" time="30.522" errors="0" timestamp="2024-10-28T21:58:48 IST">
  <testcase classname="testscripts.regression.ValidateLoginUsingDataProvider" name="validateLoginTest1" time="0.841"/>
  <testcase classname="testscripts.regression.ValidateLoginUsingDataProvider" name="validateLoginTest1" time="0.539"/>
  <testcase classname="testscripts.regression.ValidateLoginUsingDataProvider" name="validateLoginTest1" time="0.499"/>
  <testcase classname="testscripts.regression.ValidateLoginUsingDataProvider" name="validateLoginTest1" time="0.488"/>
</testsuite> <!-- Default test -->
