<?xml version="1.0" encoding="UTF-8"?>
<testng-results ignored="0" total="1" passed="1" failed="0" skipped="0">
  <reporter-output>
  </reporter-output>
  <suite started-at="2024-11-05T21:08:09 IST" name="Suite" finished-at="2024-11-05T21:08:22 IST" duration-ms="13560">
    <groups>
    </groups>
    <test started-at="2024-11-05T21:08:09 IST" name="Test" finished-at="2024-11-05T21:08:22 IST" duration-ms="13560">
      <class name="testscripts.regression.ValidateLoginUsingDataProviderExcel">
        <test-method is-config="true" signature="fileReadSet()[pri:0, instance:testscripts.regression.ValidateLoginUsingDataProviderExcel@130c12b7]" started-at="2024-11-05T21:08:09 IST" name="fileReadSet" finished-at="2024-11-05T21:08:09 IST" duration-ms="338" status="PASS">
          <reporter-output>
          </reporter-output>
        </test-method> <!-- fileReadSet -->
        <test-method is-config="true" signature="setUp(java.lang.reflect.Method)[pri:0, instance:testscripts.regression.ValidateLoginUsingDataProviderExcel@130c12b7]" started-at="2024-11-05T21:08:10 IST" name="setUp" finished-at="2024-11-05T21:08:17 IST" duration-ms="7002" status="PASS">
          <params>
            <param index="0">
              <value>
                <![CDATA[public void testscripts.regression.ValidateLoginUsingDataProviderExcel.validateLoginTest1(java.util.HashMap)]]>
              </value>
            </param>
          </params>
          <reporter-output>
          </reporter-output>
        </test-method> <!-- setUp -->
        <test-method signature="validateLoginTest1(java.util.HashMap)[pri:0, instance:testscripts.regression.ValidateLoginUsingDataProviderExcel@130c12b7]" started-at="2024-11-05T21:08:17 IST" name="validateLoginTest1" data-provider="getTestData" finished-at="2024-11-05T21:08:18 IST" duration-ms="987" status="PASS">
          <params>
            <param index="0">
              <value>
                <![CDATA[{expected Title=Adactin.com - Search Hotel, password=reyaz123, username=reyaz0806}]]>
              </value>
            </param>
          </params>
          <reporter-output>
          </reporter-output>
        </test-method> <!-- validateLoginTest1 -->
        <test-method is-config="true" signature="teardown()[pri:0, instance:testscripts.regression.ValidateLoginUsingDataProviderExcel@130c12b7]" started-at="2024-11-05T21:08:18 IST" name="teardown" finished-at="2024-11-05T21:08:22 IST" duration-ms="3328" status="PASS">
          <reporter-output>
          </reporter-output>
        </test-method> <!-- teardown -->
        <test-method is-config="true" signature="flushReports()[pri:0, instance:testscripts.regression.ValidateLoginUsingDataProviderExcel@130c12b7]" started-at="2024-11-05T21:08:22 IST" name="flushReports" finished-at="2024-11-05T21:08:22 IST" duration-ms="595" status="PASS">
          <reporter-output>
          </reporter-output>
        </test-method> <!-- flushReports -->
      </class> <!-- testscripts.regression.ValidateLoginUsingDataProviderExcel -->
    </test> <!-- Test -->
  </suite> <!-- Suite -->
</testng-results>
