<?xml version="1.0" encoding="UTF-8"?>
<testng-results ignored="0" total="1" passed="1" failed="0" skipped="0">
  <reporter-output>
  </reporter-output>
  <suite started-at="2024-11-01T21:36:27 IST" name="Default suite" finished-at="2024-11-01T21:36:37 IST" duration-ms="9638">
    <groups>
    </groups>
    <test started-at="2024-11-01T21:36:27 IST" name="Default test" finished-at="2024-11-01T21:36:37 IST" duration-ms="9638">
      <class name="testscripts.regression.ValidateLoginUsingHybrid">
        <test-method is-config="true" signature="fileReadSet()[pri:0, instance:testscripts.regression.ValidateLoginUsingHybrid@3a7442c7]" started-at="2024-11-01T21:36:27 IST" name="fileReadSet" finished-at="2024-11-01T21:36:27 IST" duration-ms="16" status="PASS">
          <reporter-output>
          </reporter-output>
        </test-method> <!-- fileReadSet -->
        <test-method signature="loginTest(java.util.HashMap)[pri:0, instance:testscripts.regression.ValidateLoginUsingHybrid@3a7442c7]" started-at="2024-11-01T21:36:28 IST" name="loginTest" data-provider="getTestData" finished-at="2024-11-01T21:36:34 IST" duration-ms="5446" status="PASS">
          <params>
            <param index="0">
              <value>
                <![CDATA[{expected Title=Adactin.com - Search Hotel, password=reyaz123, username=reyaz0806}]]>
              </value>
            </param>
          </params>
          <reporter-output>
          </reporter-output>
        </test-method> <!-- loginTest -->
        <test-method is-config="true" signature="teardown()[pri:0, instance:testscripts.regression.ValidateLoginUsingHybrid@3a7442c7]" started-at="2024-11-01T21:36:34 IST" name="teardown" finished-at="2024-11-01T21:36:37 IST" duration-ms="3346" status="PASS">
          <reporter-output>
          </reporter-output>
        </test-method> <!-- teardown -->
      </class> <!-- testscripts.regression.ValidateLoginUsingHybrid -->
    </test> <!-- Default test -->
  </suite> <!-- Default suite -->
</testng-results>
