<?xml version="1.0" encoding="UTF-8"?>
<testng-results ignored="0" total="1" passed="1" failed="0" skipped="0">
  <reporter-output>
  </reporter-output>
  <suite started-at="2024-11-05T21:01:02 IST" name="Suite" finished-at="2024-11-05T21:01:12 IST" duration-ms="10020">
    <groups>
    </groups>
    <test started-at="2024-11-05T21:01:02 IST" name="Test" finished-at="2024-11-05T21:01:12 IST" duration-ms="10020">
      <class name="testscripts.regression.ValidateLoginUsingDataProviderExcel">
        <test-method is-config="true" signature="fileReadSet()[pri:0, instance:testscripts.regression.ValidateLoginUsingDataProviderExcel@1a75e76a]" started-at="2024-11-05T21:01:02 IST" name="fileReadSet" finished-at="2024-11-05T21:01:03 IST" duration-ms="263" status="PASS">
          <reporter-output>
          </reporter-output>
        </test-method> <!-- fileReadSet -->
        <test-method is-config="true" signature="setUp(java.lang.reflect.Method)[pri:0, instance:testscripts.regression.ValidateLoginUsingDataProviderExcel@1a75e76a]" started-at="2024-11-05T21:01:03 IST" name="setUp" finished-at="2024-11-05T21:01:08 IST" duration-ms="4372" status="PASS">
          <params>
            <param index="0">
              <value>
                <![CDATA[public void testscripts.regression.ValidateLoginUsingDataProviderExcel.validateLoginTest1(java.util.HashMap)]]>
              </value>
            </param>
          </params>
          <reporter-output>
          </reporter-output>
        </test-method> <!-- setUp -->
        <test-method signature="validateLoginTest1(java.util.HashMap)[pri:0, instance:testscripts.regression.ValidateLoginUsingDataProviderExcel@1a75e76a]" started-at="2024-11-05T21:01:08 IST" name="validateLoginTest1" data-provider="getTestData" finished-at="2024-11-05T21:01:09 IST" duration-ms="842" status="PASS">
          <params>
            <param index="0">
              <value>
                <![CDATA[{expected Title=Adactin.com - Search Hotel, password=reyaz123, username=reyaz0806}]]>
              </value>
            </param>
          </params>
          <reporter-output>
          </reporter-output>
        </test-method> <!-- validateLoginTest1 -->
        <test-method is-config="true" signature="teardown()[pri:0, instance:testscripts.regression.ValidateLoginUsingDataProviderExcel@1a75e76a]" started-at="2024-11-05T21:01:09 IST" name="teardown" finished-at="2024-11-05T21:01:12 IST" duration-ms="3246" status="PASS">
          <reporter-output>
          </reporter-output>
        </test-method> <!-- teardown -->
        <test-method is-config="true" signature="flushReports()[pri:0, instance:testscripts.regression.ValidateLoginUsingDataProviderExcel@1a75e76a]" started-at="2024-11-05T21:01:12 IST" name="flushReports" finished-at="2024-11-05T21:01:12 IST" duration-ms="489" status="PASS">
          <reporter-output>
          </reporter-output>
        </test-method> <!-- flushReports -->
      </class> <!-- testscripts.regression.ValidateLoginUsingDataProviderExcel -->
    </test> <!-- Test -->
  </suite> <!-- Suite -->
</testng-results>
